2023-09-14 13:29:38,613 - Server initialized for eventlet.
2023-09-14 13:29:38,614 - Load pretrained SentenceTransformer: all-MiniLM-L6-v2
2023-09-14 13:29:38,955 - Use pytorch device: cpu
2023-09-14 13:30:57,861 - Server initialized for eventlet.
2023-09-14 13:30:57,862 - Load pretrained SentenceTransformer: all-MiniLM-L6-v2
2023-09-14 13:30:58,109 - Use pytorch device: cpu
2023-09-14 13:31:21,261 - Server initialized for eventlet.
2023-09-14 13:31:21,262 - Load pretrained SentenceTransformer: all-MiniLM-L6-v2
2023-09-14 13:31:21,480 - Use pytorch device: cpu
2023-09-14 13:38:49,265 - Server initialized for eventlet.
2023-09-14 13:38:49,265 - Load pretrained SentenceTransformer: all-MiniLM-L6-v2
2023-09-14 13:38:49,552 - Use pytorch device: cpu
2023-09-14 13:40:22,256 - Server initialized for eventlet.
2023-09-14 13:40:22,257 - Load pretrained SentenceTransformer: all-MiniLM-L6-v2
2023-09-14 13:40:22,525 - Use pytorch device: cpu
2023-09-14 13:40:29,034 - Error in location_api: MECApp.loc_user_api() takes 1 positional argument but 2 were given
2023-09-14 13:40:30,976 - User sent message: hi
2023-09-14 13:40:30,976 - Bot response: Hello! How can I assist you today? Are you looking for information or need help with something specific?
<p style="color: red;">found user info: "Name","Link""Latest Appearance","The Legend of Zelda: Breath of the Wild (2017 as of my last update)""Main Shield","Hylian Shield"</p>

2023-09-14 13:40:33,939 - Error in location_api: MECApp.loc_user_api() takes 1 positional argument but 2 were given
2023-09-14 13:40:38,938 - Error in location_api: MECApp.loc_user_api() takes 1 positional argument but 2 were given
2023-09-14 13:40:43,915 - Error in location_api: MECApp.loc_user_api() takes 1 positional argument but 2 were given
2023-09-14 13:40:48,991 - Error in location_api: MECApp.loc_user_api() takes 1 positional argument but 2 were given
2023-09-14 13:40:54,010 - Error in location_api: MECApp.loc_user_api() takes 1 positional argument but 2 were given
2023-09-14 13:40:58,924 - Error in location_api: MECApp.loc_user_api() takes 1 positional argument but 2 were given
2023-09-14 13:41:03,916 - Error in location_api: MECApp.loc_user_api() takes 1 positional argument but 2 were given
2023-09-14 13:41:08,959 - Error in location_api: MECApp.loc_user_api() takes 1 positional argument but 2 were given
2023-09-14 13:41:13,976 - Error in location_api: MECApp.loc_user_api() takes 1 positional argument but 2 were given
2023-09-14 13:41:18,997 - Error in location_api: MECApp.loc_user_api() takes 1 positional argument but 2 were given
2023-09-14 13:41:24,012 - Error in location_api: MECApp.loc_user_api() takes 1 positional argument but 2 were given
2023-09-14 13:41:28,928 - Error in location_api: MECApp.loc_user_api() takes 1 positional argument but 2 were given
2023-09-14 13:41:33,916 - Error in location_api: MECApp.loc_user_api() takes 1 positional argument but 2 were given
2023-09-14 13:41:38,917 - Error in location_api: MECApp.loc_user_api() takes 1 positional argument but 2 were given
2023-09-14 13:41:43,918 - Error in location_api: MECApp.loc_user_api() takes 1 positional argument but 2 were given
2023-09-14 13:41:48,997 - Error in location_api: MECApp.loc_user_api() takes 1 positional argument but 2 were given
2023-09-14 13:41:54,656 - Server initialized for eventlet.
2023-09-14 13:41:54,657 - Load pretrained SentenceTransformer: all-MiniLM-L6-v2
2023-09-14 13:41:54,944 - Use pytorch device: cpu
2023-09-14 13:41:58,935 - Error in location_api: MECApp.loc_user_api() takes 1 positional argument but 2 were given
2023-09-14 13:42:03,949 - Error in location_api: MECApp.loc_user_api() takes 1 positional argument but 2 were given
2023-09-14 13:42:08,966 - Error in location_api: MECApp.loc_user_api() takes 1 positional argument but 2 were given
2023-09-14 13:42:13,983 - Error in location_api: MECApp.loc_user_api() takes 1 positional argument but 2 were given
2023-09-14 13:42:19,001 - Error in location_api: MECApp.loc_user_api() takes 1 positional argument but 2 were given
2023-09-14 13:42:24,019 - Error in location_api: MECApp.loc_user_api() takes 1 positional argument but 2 were given
2023-09-14 13:42:29,037 - Error in location_api: MECApp.loc_user_api() takes 1 positional argument but 2 were given
2023-09-14 13:42:33,951 - Error in location_api: MECApp.loc_user_api() takes 1 positional argument but 2 were given
2023-09-14 13:42:38,971 - Error in location_api: MECApp.loc_user_api() takes 1 positional argument but 2 were given
2023-09-14 13:42:43,989 - Error in location_api: MECApp.loc_user_api() takes 1 positional argument but 2 were given
2023-09-14 13:42:48,917 - Error in location_api: MECApp.loc_user_api() takes 1 positional argument but 2 were given
2023-09-14 13:42:54,424 - Server initialized for eventlet.
2023-09-14 13:42:54,425 - Load pretrained SentenceTransformer: all-MiniLM-L6-v2
2023-09-14 13:42:54,722 - Use pytorch device: cpu
2023-09-14 13:42:59,177 - Error in location_api: MECApp.loc_user_api() takes 1 positional argument but 2 were given
2023-09-14 13:43:03,955 - Error in location_api: MECApp.loc_user_api() takes 1 positional argument but 2 were given
2023-09-14 13:44:03,009 - Server initialized for eventlet.
2023-09-14 13:44:03,010 - Load pretrained SentenceTransformer: all-MiniLM-L6-v2
2023-09-14 13:44:03,283 - Use pytorch device: cpu
2023-09-14 13:44:03,968 - Error in location_api: MECApp.loc_user_api() takes 1 positional argument but 2 were given
2023-09-14 13:44:08,981 - Error in location_api: MECApp.loc_user_api() takes 1 positional argument but 2 were given
2023-09-14 13:47:45,892 - NumExpr defaulting to 8 threads.
2023-09-14 13:47:46,172 - Load pretrained SentenceTransformer: all-MiniLM-L6-v2
2023-09-14 13:47:46,465 - Use pytorch device: cpu
2023-09-14 13:55:12,227 - NumExpr defaulting to 8 threads.
2023-09-14 13:55:12,503 - Load pretrained SentenceTransformer: all-MiniLM-L6-v2
2023-09-14 13:55:12,794 - Use pytorch device: cpu
2023-09-14 13:57:57,842 - NumExpr defaulting to 8 threads.
2023-09-14 13:57:58,062 - Load pretrained SentenceTransformer: all-MiniLM-L6-v2
2023-09-14 13:57:58,337 - Use pytorch device: cpu
2023-09-14 14:08:16,096 - NumExpr defaulting to 8 threads.
2023-09-14 14:08:16,335 - Server initialized for eventlet.
2023-09-14 14:08:16,336 - Load pretrained SentenceTransformer: all-MiniLM-L6-v2
2023-09-14 14:08:16,619 - Use pytorch device: cpu
2023-09-14 14:08:28,038 - Exception on /api/image [POST]
Traceback (most recent call last):
  File "/Users/dako22/miniconda3/lib/python3.10/site-packages/flask/app.py", line 2190, in wsgi_app
    response = self.full_dispatch_request()
  File "/Users/dako22/miniconda3/lib/python3.10/site-packages/flask/app.py", line 1486, in full_dispatch_request
    rv = self.handle_user_exception(e)
  File "/Users/dako22/miniconda3/lib/python3.10/site-packages/flask/app.py", line 1484, in full_dispatch_request
    rv = self.dispatch_request()
  File "/Users/dako22/miniconda3/lib/python3.10/site-packages/flask/app.py", line 1469, in dispatch_request
    return self.ensure_sync(self.view_functions[rule.endpoint])(**view_args)
  File "/Users/dako22/Documents/GitHub/sheikah-tower/app.py", line 157, in upload_image
    image_info = mec.analyze_image_api(filename)
  File "/Users/dako22/Documents/GitHub/sheikah-tower/wrapper.py", line 43, in analyze_image_api
    print("Score: %.4f" % (sim_score))
TypeError: must be real number, not NoneType
2023-09-14 14:09:06,017 - Exception on /api/image [POST]
Traceback (most recent call last):
  File "/Users/dako22/miniconda3/lib/python3.10/site-packages/flask/app.py", line 2190, in wsgi_app
    response = self.full_dispatch_request()
  File "/Users/dako22/miniconda3/lib/python3.10/site-packages/flask/app.py", line 1486, in full_dispatch_request
    rv = self.handle_user_exception(e)
  File "/Users/dako22/miniconda3/lib/python3.10/site-packages/flask/app.py", line 1484, in full_dispatch_request
    rv = self.dispatch_request()
  File "/Users/dako22/miniconda3/lib/python3.10/site-packages/flask/app.py", line 1469, in dispatch_request
    return self.ensure_sync(self.view_functions[rule.endpoint])(**view_args)
  File "/Users/dako22/Documents/GitHub/sheikah-tower/app.py", line 157, in upload_image
    image_info = mec.analyze_image_api(filename)
  File "/Users/dako22/Documents/GitHub/sheikah-tower/wrapper.py", line 43, in analyze_image_api
    print("Score: %.4f" % (sim_score))
TypeError: must be real number, not NoneType
2023-09-14 14:09:08,478 - Exception on /api/image [POST]
Traceback (most recent call last):
  File "/Users/dako22/miniconda3/lib/python3.10/site-packages/flask/app.py", line 2190, in wsgi_app
    response = self.full_dispatch_request()
  File "/Users/dako22/miniconda3/lib/python3.10/site-packages/flask/app.py", line 1486, in full_dispatch_request
    rv = self.handle_user_exception(e)
  File "/Users/dako22/miniconda3/lib/python3.10/site-packages/flask/app.py", line 1484, in full_dispatch_request
    rv = self.dispatch_request()
  File "/Users/dako22/miniconda3/lib/python3.10/site-packages/flask/app.py", line 1469, in dispatch_request
    return self.ensure_sync(self.view_functions[rule.endpoint])(**view_args)
  File "/Users/dako22/Documents/GitHub/sheikah-tower/app.py", line 157, in upload_image
    image_info = mec.analyze_image_api(filename)
  File "/Users/dako22/Documents/GitHub/sheikah-tower/wrapper.py", line 43, in analyze_image_api
    print("Score: %.4f" % (sim_score))
TypeError: must be real number, not NoneType
2023-09-14 14:09:08,909 - Exception on /api/image [POST]
Traceback (most recent call last):
  File "/Users/dako22/miniconda3/lib/python3.10/site-packages/flask/app.py", line 2190, in wsgi_app
    response = self.full_dispatch_request()
  File "/Users/dako22/miniconda3/lib/python3.10/site-packages/flask/app.py", line 1486, in full_dispatch_request
    rv = self.handle_user_exception(e)
  File "/Users/dako22/miniconda3/lib/python3.10/site-packages/flask/app.py", line 1484, in full_dispatch_request
    rv = self.dispatch_request()
  File "/Users/dako22/miniconda3/lib/python3.10/site-packages/flask/app.py", line 1469, in dispatch_request
    return self.ensure_sync(self.view_functions[rule.endpoint])(**view_args)
  File "/Users/dako22/Documents/GitHub/sheikah-tower/app.py", line 157, in upload_image
    image_info = mec.analyze_image_api(filename)
  File "/Users/dako22/Documents/GitHub/sheikah-tower/wrapper.py", line 43, in analyze_image_api
    print("Score: %.4f" % (sim_score))
TypeError: must be real number, not NoneType
2023-09-14 14:11:52,711 - Exception on /api/image [POST]
Traceback (most recent call last):
  File "/Users/dako22/miniconda3/lib/python3.10/site-packages/flask/app.py", line 2190, in wsgi_app
    response = self.full_dispatch_request()
  File "/Users/dako22/miniconda3/lib/python3.10/site-packages/flask/app.py", line 1486, in full_dispatch_request
    rv = self.handle_user_exception(e)
  File "/Users/dako22/miniconda3/lib/python3.10/site-packages/flask/app.py", line 1484, in full_dispatch_request
    rv = self.dispatch_request()
  File "/Users/dako22/miniconda3/lib/python3.10/site-packages/flask/app.py", line 1469, in dispatch_request
    return self.ensure_sync(self.view_functions[rule.endpoint])(**view_args)
  File "/Users/dako22/Documents/GitHub/sheikah-tower/app.py", line 157, in upload_image
    image_info = mec.analyze_image_api(filename)
  File "/Users/dako22/Documents/GitHub/sheikah-tower/wrapper.py", line 43, in analyze_image_api
    print("Score: %.4f" % (sim_score))
TypeError: must be real number, not NoneType
2023-09-14 14:11:53,105 - Exception on /api/image [POST]
Traceback (most recent call last):
  File "/Users/dako22/miniconda3/lib/python3.10/site-packages/flask/app.py", line 2190, in wsgi_app
    response = self.full_dispatch_request()
  File "/Users/dako22/miniconda3/lib/python3.10/site-packages/flask/app.py", line 1486, in full_dispatch_request
    rv = self.handle_user_exception(e)
  File "/Users/dako22/miniconda3/lib/python3.10/site-packages/flask/app.py", line 1484, in full_dispatch_request
    rv = self.dispatch_request()
  File "/Users/dako22/miniconda3/lib/python3.10/site-packages/flask/app.py", line 1469, in dispatch_request
    return self.ensure_sync(self.view_functions[rule.endpoint])(**view_args)
  File "/Users/dako22/Documents/GitHub/sheikah-tower/app.py", line 157, in upload_image
    image_info = mec.analyze_image_api(filename)
  File "/Users/dako22/Documents/GitHub/sheikah-tower/wrapper.py", line 43, in analyze_image_api
    print("Score: %.4f" % (sim_score))
TypeError: must be real number, not NoneType
2023-09-14 14:12:15,045 - Exception on /api/image [POST]
Traceback (most recent call last):
  File "/Users/dako22/miniconda3/lib/python3.10/site-packages/flask/app.py", line 2190, in wsgi_app
    response = self.full_dispatch_request()
  File "/Users/dako22/miniconda3/lib/python3.10/site-packages/flask/app.py", line 1486, in full_dispatch_request
    rv = self.handle_user_exception(e)
  File "/Users/dako22/miniconda3/lib/python3.10/site-packages/flask/app.py", line 1484, in full_dispatch_request
    rv = self.dispatch_request()
  File "/Users/dako22/miniconda3/lib/python3.10/site-packages/flask/app.py", line 1469, in dispatch_request
    return self.ensure_sync(self.view_functions[rule.endpoint])(**view_args)
  File "/Users/dako22/Documents/GitHub/sheikah-tower/app.py", line 157, in upload_image
    image_info = mec.analyze_image_api(filename)
  File "/Users/dako22/Documents/GitHub/sheikah-tower/wrapper.py", line 43, in analyze_image_api
    print("Score: %.4f" % (sim_score))
TypeError: must be real number, not NoneType
2023-09-14 14:12:16,900 - Exception on /api/image [POST]
Traceback (most recent call last):
  File "/Users/dako22/miniconda3/lib/python3.10/site-packages/flask/app.py", line 2190, in wsgi_app
    response = self.full_dispatch_request()
  File "/Users/dako22/miniconda3/lib/python3.10/site-packages/flask/app.py", line 1486, in full_dispatch_request
    rv = self.handle_user_exception(e)
  File "/Users/dako22/miniconda3/lib/python3.10/site-packages/flask/app.py", line 1484, in full_dispatch_request
    rv = self.dispatch_request()
  File "/Users/dako22/miniconda3/lib/python3.10/site-packages/flask/app.py", line 1469, in dispatch_request
    return self.ensure_sync(self.view_functions[rule.endpoint])(**view_args)
  File "/Users/dako22/Documents/GitHub/sheikah-tower/app.py", line 157, in upload_image
    image_info = mec.analyze_image_api(filename)
  File "/Users/dako22/Documents/GitHub/sheikah-tower/wrapper.py", line 43, in analyze_image_api
    print("Score: %.4f" % (sim_score))
TypeError: must be real number, not NoneType
2023-09-14 14:19:43,811 - NumExpr defaulting to 8 threads.
2023-09-14 14:19:44,026 - Server initialized for eventlet.
2023-09-14 14:19:44,027 - Load pretrained SentenceTransformer: all-MiniLM-L6-v2
2023-09-14 14:19:44,303 - Use pytorch device: cpu
2023-09-14 14:20:47,362 - NumExpr defaulting to 8 threads.
2023-09-14 14:20:47,535 - Server initialized for eventlet.
2023-09-14 14:20:47,535 - Load pretrained SentenceTransformer: all-MiniLM-L6-v2
2023-09-14 14:20:47,794 - Use pytorch device: cpu
2023-09-14 15:00:34,279 - Error in location_api: MECApp.loc_user_api() takes 1 positional argument but 2 were given
2023-09-14 15:00:39,485 - Error in location_api: MECApp.loc_user_api() takes 1 positional argument but 2 were given
2023-09-14 16:41:31,216 - NumExpr defaulting to 8 threads.
2023-09-14 16:41:31,576 - Load pretrained SentenceTransformer: all-MiniLM-L6-v2
2023-09-14 16:41:31,889 - Use pytorch device: cpu
2023-09-14 16:42:19,858 - NumExpr defaulting to 8 threads.
2023-09-14 16:42:20,029 - Server initialized for eventlet.
2023-09-14 16:42:20,029 - Load pretrained SentenceTransformer: all-MiniLM-L6-v2
2023-09-14 16:42:20,312 - Use pytorch device: cpu
2023-09-14 16:42:27,104 - FmlrPRHG6jAuZQekAAAA: Sending packet OPEN data {'sid': 'FmlrPRHG6jAuZQekAAAA', 'upgrades': ['websocket'], 'pingTimeout': 20000, 'pingInterval': 25000}
2023-09-14 16:42:27,124 - FmlrPRHG6jAuZQekAAAA: Received packet MESSAGE data 0
2023-09-14 16:42:27,125 - FmlrPRHG6jAuZQekAAAA: Sending packet MESSAGE data 0{"sid":"wL3xX548amzTwccsAAAB"}
2023-09-14 16:42:27,125 - FmlrPRHG6jAuZQekAAAA: Received request to upgrade to websocket
2023-09-14 16:42:27,130 - FmlrPRHG6jAuZQekAAAA: Upgrade to websocket successful
2023-09-14 16:42:29,281 - FmlrPRHG6jAuZQekAAAA: Received packet MESSAGE data 2["message sent",{"message":"hi"}]
2023-09-14 16:42:29,281 - received event "message sent" from wL3xX548amzTwccsAAAB [/]
2023-09-14 16:42:29,283 - User sent message: hi
2023-09-14 16:42:29,283 - emitting event "new message" to all [/]
2023-09-14 16:42:29,284 - FmlrPRHG6jAuZQekAAAA: Sending packet MESSAGE data 2["new message",{"sender":"You","message":"hi"}]
2023-09-14 16:42:30,508 - Bot response: Hello! How can I assist you today? Are you looking for any specific information or need help with something?
<p style="color: red;">found user info: "Name","Link""Latest Appearance","The Legend of Zelda: Breath of the Wild (2017 as of my last update)""Main Shield","Hylian Shield"</p>

2023-09-14 16:42:30,509 - emitting event "new message" to all [/]
2023-09-14 16:42:30,510 - FmlrPRHG6jAuZQekAAAA: Sending packet MESSAGE data 2["new message",{"sender":"Bot","message":"Hello! How can I assist you today? Are you looking for any specific information or need help with something?\n<p style=\"color: red;\">found user info: \"Name\",\"Link\"\"Latest Appearance\",\"The Legend of Zelda: Breath of the Wild (2017 as of my last update)\"\"Main Shield\",\"Hylian Shield\"</p>\n"}]
2023-09-14 16:42:32,954 - FmlrPRHG6jAuZQekAAAA: Received packet MESSAGE data 2["message sent",{"message":"hi"}]
2023-09-14 16:42:32,954 - received event "message sent" from wL3xX548amzTwccsAAAB [/]
2023-09-14 16:42:32,956 - User sent message: hi
2023-09-14 16:42:32,956 - emitting event "new message" to all [/]
2023-09-14 16:42:32,956 - FmlrPRHG6jAuZQekAAAA: Sending packet MESSAGE data 2["new message",{"sender":"You","message":"hi"}]
2023-09-14 16:42:34,396 - Bot response: Hello! How can I assist you today? Are you looking for any specific information or need help with something?
<p style="color: red;">found user info: "Name","Link""Latest Appearance","The Legend of Zelda: Breath of the Wild (2017 as of my last update)""Main Shield","Hylian Shield"</p>

2023-09-14 16:42:34,397 - emitting event "new message" to all [/]
2023-09-14 16:42:34,397 - FmlrPRHG6jAuZQekAAAA: Sending packet MESSAGE data 2["new message",{"sender":"Bot","message":"Hello! How can I assist you today? Are you looking for any specific information or need help with something?\n<p style=\"color: red;\">found user info: \"Name\",\"Link\"\"Latest Appearance\",\"The Legend of Zelda: Breath of the Wild (2017 as of my last update)\"\"Main Shield\",\"Hylian Shield\"</p>\n"}]
2023-09-14 16:42:35,288 - FmlrPRHG6jAuZQekAAAA: Received packet MESSAGE data 2["message sent",{"message":"hi"}]
2023-09-14 16:42:35,288 - received event "message sent" from wL3xX548amzTwccsAAAB [/]
2023-09-14 16:42:35,289 - User sent message: hi
2023-09-14 16:42:35,290 - emitting event "new message" to all [/]
2023-09-14 16:42:35,290 - FmlrPRHG6jAuZQekAAAA: Sending packet MESSAGE data 2["new message",{"sender":"You","message":"hi"}]
2023-09-14 16:42:36,546 - Bot response: Hello! How can I assist you today? Are you looking for any specific information or need help with something?
<p style="color: red;">found user info: "Name","Link""Latest Appearance","The Legend of Zelda: Breath of the Wild (2017 as of my last update)""Main Shield","Hylian Shield"</p>

2023-09-14 16:42:36,546 - emitting event "new message" to all [/]
2023-09-14 16:42:36,547 - FmlrPRHG6jAuZQekAAAA: Sending packet MESSAGE data 2["new message",{"sender":"Bot","message":"Hello! How can I assist you today? Are you looking for any specific information or need help with something?\n<p style=\"color: red;\">found user info: \"Name\",\"Link\"\"Latest Appearance\",\"The Legend of Zelda: Breath of the Wild (2017 as of my last update)\"\"Main Shield\",\"Hylian Shield\"</p>\n"}]
2023-09-14 16:42:43,060 - FmlrPRHG6jAuZQekAAAA: Received packet MESSAGE data 2["message sent",{"message":"any interesting spots? "}]
2023-09-14 16:42:43,061 - received event "message sent" from wL3xX548amzTwccsAAAB [/]
2023-09-14 16:42:43,062 - User sent message: any interesting spots? 
2023-09-14 16:42:43,062 - emitting event "new message" to all [/]
2023-09-14 16:42:43,062 - FmlrPRHG6jAuZQekAAAA: Sending packet MESSAGE data 2["new message",{"sender":"You","message":"any interesting spots? "}]
2023-09-14 16:42:44,837 - Bot response: Certainly! Could you please let me know which location or city you are referring to? That way, I can provide you with some interesting spots to visit in that specific area.
2023-09-14 16:42:44,838 - emitting event "new message" to all [/]
2023-09-14 16:42:44,838 - FmlrPRHG6jAuZQekAAAA: Sending packet MESSAGE data 2["new message",{"sender":"Bot","message":"Certainly! Could you please let me know which location or city you are referring to? That way, I can provide you with some interesting spots to visit in that specific area."}]
2023-09-14 16:42:52,106 - FmlrPRHG6jAuZQekAAAA: Sending packet PING data None
2023-09-14 16:42:52,109 - FmlrPRHG6jAuZQekAAAA: Received packet PONG data 
2023-09-14 16:43:17,111 - FmlrPRHG6jAuZQekAAAA: Sending packet PING data None
2023-09-14 16:43:17,114 - FmlrPRHG6jAuZQekAAAA: Received packet PONG data 
2023-09-14 16:43:42,122 - FmlrPRHG6jAuZQekAAAA: Sending packet PING data None
2023-09-14 16:43:42,126 - FmlrPRHG6jAuZQekAAAA: Received packet PONG data 
2023-09-14 16:44:07,130 - FmlrPRHG6jAuZQekAAAA: Sending packet PING data None
2023-09-14 16:44:07,131 - FmlrPRHG6jAuZQekAAAA: Received packet PONG data 
2023-09-14 16:44:32,133 - FmlrPRHG6jAuZQekAAAA: Sending packet PING data None
2023-09-14 16:44:32,135 - FmlrPRHG6jAuZQekAAAA: Received packet PONG data 
2023-09-14 16:44:57,137 - FmlrPRHG6jAuZQekAAAA: Sending packet PING data None
2023-09-14 16:44:57,141 - FmlrPRHG6jAuZQekAAAA: Received packet PONG data 
2023-09-14 16:45:22,143 - FmlrPRHG6jAuZQekAAAA: Sending packet PING data None
2023-09-14 16:45:22,145 - FmlrPRHG6jAuZQekAAAA: Received packet PONG data 
2023-09-14 16:45:47,147 - FmlrPRHG6jAuZQekAAAA: Sending packet PING data None
2023-09-14 16:45:47,149 - FmlrPRHG6jAuZQekAAAA: Received packet PONG data 
2023-09-14 16:46:12,151 - FmlrPRHG6jAuZQekAAAA: Sending packet PING data None
2023-09-14 16:46:12,154 - FmlrPRHG6jAuZQekAAAA: Received packet PONG data 
2023-09-14 16:46:37,155 - FmlrPRHG6jAuZQekAAAA: Sending packet PING data None
2023-09-14 16:46:37,157 - FmlrPRHG6jAuZQekAAAA: Received packet PONG data 
2023-09-14 16:47:02,159 - FmlrPRHG6jAuZQekAAAA: Sending packet PING data None
2023-09-14 16:47:02,161 - FmlrPRHG6jAuZQekAAAA: Received packet PONG data 
2023-09-14 16:47:27,163 - FmlrPRHG6jAuZQekAAAA: Sending packet PING data None
2023-09-14 16:47:27,166 - FmlrPRHG6jAuZQekAAAA: Received packet PONG data 
2023-09-14 16:47:52,168 - FmlrPRHG6jAuZQekAAAA: Sending packet PING data None
2023-09-14 16:47:52,170 - FmlrPRHG6jAuZQekAAAA: Received packet PONG data 
2023-09-14 16:48:17,171 - FmlrPRHG6jAuZQekAAAA: Sending packet PING data None
2023-09-14 16:48:17,173 - FmlrPRHG6jAuZQekAAAA: Received packet PONG data 
2023-09-14 16:48:42,174 - FmlrPRHG6jAuZQekAAAA: Sending packet PING data None
2023-09-14 16:48:42,178 - FmlrPRHG6jAuZQekAAAA: Received packet PONG data 
2023-09-14 16:49:07,180 - FmlrPRHG6jAuZQekAAAA: Sending packet PING data None
2023-09-14 16:49:07,182 - FmlrPRHG6jAuZQekAAAA: Received packet PONG data 
2023-09-14 16:49:32,183 - FmlrPRHG6jAuZQekAAAA: Sending packet PING data None
2023-09-14 16:49:32,188 - FmlrPRHG6jAuZQekAAAA: Received packet PONG data 
2023-09-14 16:49:32,635 - FmlrPRHG6jAuZQekAAAA: Received packet MESSAGE data 2["message sent",{"message":"hi"}]
2023-09-14 16:49:32,636 - received event "message sent" from wL3xX548amzTwccsAAAB [/]
2023-09-14 16:49:32,636 - User sent message: hi
2023-09-14 16:49:32,637 - emitting event "new message" to all [/]
2023-09-14 16:49:32,637 - FmlrPRHG6jAuZQekAAAA: Sending packet MESSAGE data 2["new message",{"sender":"You","message":"hi"}]
2023-09-14 16:49:33,848 - FmlrPRHG6jAuZQekAAAA: Received packet MESSAGE data 2["message sent",{"message":""}]
2023-09-14 16:49:33,848 - received event "message sent" from wL3xX548amzTwccsAAAB [/]
2023-09-14 16:49:33,848 - User sent message: 
2023-09-14 16:49:33,849 - emitting event "new message" to all [/]
2023-09-14 16:49:33,849 - FmlrPRHG6jAuZQekAAAA: Sending packet MESSAGE data 2["new message",{"sender":"You","message":""}]
2023-09-14 16:49:34,666 - Bot response: Hello! How can I assist you today? Are you looking for any specific information or need help with something?
<p style="color: red;">found user info: "Name","Link""Latest Appearance","The Legend of Zelda: Breath of the Wild (2017 as of my last update)""Main Shield","Hylian Shield"</p>

2023-09-14 16:49:34,666 - emitting event "new message" to all [/]
2023-09-14 16:49:34,667 - FmlrPRHG6jAuZQekAAAA: Sending packet MESSAGE data 2["new message",{"sender":"Bot","message":"Hello! How can I assist you today? Are you looking for any specific information or need help with something?\n<p style=\"color: red;\">found user info: \"Name\",\"Link\"\"Latest Appearance\",\"The Legend of Zelda: Breath of the Wild (2017 as of my last update)\"\"Main Shield\",\"Hylian Shield\"</p>\n"}]
2023-09-14 16:49:35,472 - Bot response: Hello! How can I assist you today? Are you looking for any specific information or need help with something?
2023-09-14 16:49:35,472 - emitting event "new message" to all [/]
2023-09-14 16:49:35,473 - FmlrPRHG6jAuZQekAAAA: Sending packet MESSAGE data 2["new message",{"sender":"Bot","message":"Hello! How can I assist you today? Are you looking for any specific information or need help with something?"}]
2023-09-14 16:49:38,718 - FmlrPRHG6jAuZQekAAAA: Received packet MESSAGE data 2["message sent",{"message":"hello"}]
2023-09-14 16:49:38,718 - received event "message sent" from wL3xX548amzTwccsAAAB [/]
2023-09-14 16:49:38,719 - User sent message: hello
2023-09-14 16:49:38,720 - emitting event "new message" to all [/]
2023-09-14 16:49:38,720 - FmlrPRHG6jAuZQekAAAA: Sending packet MESSAGE data 2["new message",{"sender":"You","message":"hello"}]
2023-09-14 16:49:40,174 - Bot response: Hello! How can I assist you today? Are you looking for any specific information or need help with something?
<p style="color: red;">found user info: "Name","Link""Latest Appearance","The Legend of Zelda: Breath of the Wild (2017 as of my last update)"</p>

2023-09-14 16:49:40,174 - emitting event "new message" to all [/]
2023-09-14 16:49:40,175 - FmlrPRHG6jAuZQekAAAA: Sending packet MESSAGE data 2["new message",{"sender":"Bot","message":"Hello! How can I assist you today? Are you looking for any specific information or need help with something?\n<p style=\"color: red;\">found user info: \"Name\",\"Link\"\"Latest Appearance\",\"The Legend of Zelda: Breath of the Wild (2017 as of my last update)\"</p>\n"}]
2023-09-14 16:49:57,189 - FmlrPRHG6jAuZQekAAAA: Sending packet PING data None
2023-09-14 16:49:57,193 - FmlrPRHG6jAuZQekAAAA: Received packet PONG data 
2023-09-14 16:50:22,195 - FmlrPRHG6jAuZQekAAAA: Sending packet PING data None
2023-09-14 16:50:22,198 - FmlrPRHG6jAuZQekAAAA: Received packet PONG data 
2023-09-14 16:50:47,200 - FmlrPRHG6jAuZQekAAAA: Sending packet PING data None
2023-09-14 16:50:47,203 - FmlrPRHG6jAuZQekAAAA: Received packet PONG data 
2023-09-14 16:51:12,204 - FmlrPRHG6jAuZQekAAAA: Sending packet PING data None
2023-09-14 16:51:12,206 - FmlrPRHG6jAuZQekAAAA: Received packet PONG data 
2023-09-14 16:51:37,208 - FmlrPRHG6jAuZQekAAAA: Sending packet PING data None
2023-09-14 16:51:37,211 - FmlrPRHG6jAuZQekAAAA: Received packet PONG data 
2023-09-14 16:52:02,212 - FmlrPRHG6jAuZQekAAAA: Sending packet PING data None
2023-09-14 16:52:02,215 - FmlrPRHG6jAuZQekAAAA: Received packet PONG data 
2023-09-14 16:52:27,217 - FmlrPRHG6jAuZQekAAAA: Sending packet PING data None
2023-09-14 16:52:27,221 - FmlrPRHG6jAuZQekAAAA: Received packet PONG data 
2023-09-14 16:52:52,223 - FmlrPRHG6jAuZQekAAAA: Sending packet PING data None
2023-09-14 16:52:52,226 - FmlrPRHG6jAuZQekAAAA: Received packet PONG data 
2023-09-14 16:53:17,227 - FmlrPRHG6jAuZQekAAAA: Sending packet PING data None
2023-09-14 16:53:17,231 - FmlrPRHG6jAuZQekAAAA: Received packet PONG data 
2023-09-14 16:53:42,232 - FmlrPRHG6jAuZQekAAAA: Sending packet PING data None
2023-09-14 16:53:42,235 - FmlrPRHG6jAuZQekAAAA: Received packet PONG data 
2023-09-14 16:54:07,236 - FmlrPRHG6jAuZQekAAAA: Sending packet PING data None
2023-09-14 16:54:07,239 - FmlrPRHG6jAuZQekAAAA: Received packet PONG data 
2023-09-14 16:54:32,241 - FmlrPRHG6jAuZQekAAAA: Sending packet PING data None
2023-09-14 16:54:32,244 - FmlrPRHG6jAuZQekAAAA: Received packet PONG data 
2023-09-14 16:54:57,245 - FmlrPRHG6jAuZQekAAAA: Sending packet PING data None
2023-09-14 16:54:57,247 - FmlrPRHG6jAuZQekAAAA: Received packet PONG data 
2023-09-14 16:55:22,248 - FmlrPRHG6jAuZQekAAAA: Sending packet PING data None
2023-09-14 16:55:22,252 - FmlrPRHG6jAuZQekAAAA: Received packet PONG data 
2023-09-14 16:55:47,254 - FmlrPRHG6jAuZQekAAAA: Sending packet PING data None
2023-09-14 16:55:47,259 - FmlrPRHG6jAuZQekAAAA: Received packet PONG data 
2023-09-14 16:56:12,261 - FmlrPRHG6jAuZQekAAAA: Sending packet PING data None
2023-09-14 16:56:12,265 - FmlrPRHG6jAuZQekAAAA: Received packet PONG data 
2023-09-14 16:56:37,266 - FmlrPRHG6jAuZQekAAAA: Sending packet PING data None
2023-09-14 16:56:37,269 - FmlrPRHG6jAuZQekAAAA: Received packet PONG data 
2023-09-14 16:57:02,271 - FmlrPRHG6jAuZQekAAAA: Sending packet PING data None
2023-09-14 16:57:02,274 - FmlrPRHG6jAuZQekAAAA: Received packet PONG data 
2023-09-14 16:57:27,275 - FmlrPRHG6jAuZQekAAAA: Sending packet PING data None
2023-09-14 16:57:27,281 - FmlrPRHG6jAuZQekAAAA: Received packet PONG data 
2023-09-14 16:57:52,283 - FmlrPRHG6jAuZQekAAAA: Sending packet PING data None
2023-09-14 16:57:52,287 - FmlrPRHG6jAuZQekAAAA: Received packet PONG data 
2023-09-14 16:58:17,289 - FmlrPRHG6jAuZQekAAAA: Sending packet PING data None
2023-09-14 16:58:17,294 - FmlrPRHG6jAuZQekAAAA: Received packet PONG data 
2023-09-14 16:58:42,295 - FmlrPRHG6jAuZQekAAAA: Sending packet PING data None
2023-09-14 16:58:42,298 - FmlrPRHG6jAuZQekAAAA: Received packet PONG data 
2023-09-14 16:59:07,299 - FmlrPRHG6jAuZQekAAAA: Sending packet PING data None
2023-09-14 16:59:07,304 - FmlrPRHG6jAuZQekAAAA: Received packet PONG data 
2023-09-14 16:59:32,305 - FmlrPRHG6jAuZQekAAAA: Sending packet PING data None
2023-09-14 16:59:32,307 - FmlrPRHG6jAuZQekAAAA: Received packet PONG data 
2023-09-14 16:59:57,308 - FmlrPRHG6jAuZQekAAAA: Sending packet PING data None
2023-09-14 16:59:57,311 - FmlrPRHG6jAuZQekAAAA: Received packet PONG data 
2023-09-14 17:00:22,312 - FmlrPRHG6jAuZQekAAAA: Sending packet PING data None
2023-09-14 17:00:22,315 - FmlrPRHG6jAuZQekAAAA: Received packet PONG data 
2023-09-14 17:00:47,317 - FmlrPRHG6jAuZQekAAAA: Sending packet PING data None
2023-09-14 17:00:47,320 - FmlrPRHG6jAuZQekAAAA: Received packet PONG data 
2023-09-14 17:01:12,322 - FmlrPRHG6jAuZQekAAAA: Sending packet PING data None
2023-09-14 17:01:12,326 - FmlrPRHG6jAuZQekAAAA: Received packet PONG data 
2023-09-14 17:01:37,328 - FmlrPRHG6jAuZQekAAAA: Sending packet PING data None
2023-09-14 17:01:37,330 - FmlrPRHG6jAuZQekAAAA: Received packet PONG data 
2023-09-14 17:02:02,332 - FmlrPRHG6jAuZQekAAAA: Sending packet PING data None
2023-09-14 17:02:02,336 - FmlrPRHG6jAuZQekAAAA: Received packet PONG data 
2023-09-14 17:02:27,338 - FmlrPRHG6jAuZQekAAAA: Sending packet PING data None
2023-09-14 17:02:27,342 - FmlrPRHG6jAuZQekAAAA: Received packet PONG data 
2023-09-14 17:02:52,344 - FmlrPRHG6jAuZQekAAAA: Sending packet PING data None
2023-09-14 17:02:52,346 - FmlrPRHG6jAuZQekAAAA: Received packet PONG data 
2023-09-14 17:03:17,348 - FmlrPRHG6jAuZQekAAAA: Sending packet PING data None
2023-09-14 17:03:17,352 - FmlrPRHG6jAuZQekAAAA: Received packet PONG data 
2023-09-14 17:03:42,354 - FmlrPRHG6jAuZQekAAAA: Sending packet PING data None
2023-09-14 17:03:42,356 - FmlrPRHG6jAuZQekAAAA: Received packet PONG data 
2023-09-14 17:04:07,358 - FmlrPRHG6jAuZQekAAAA: Sending packet PING data None
2023-09-14 17:04:07,360 - FmlrPRHG6jAuZQekAAAA: Received packet PONG data 
2023-09-14 17:04:32,361 - FmlrPRHG6jAuZQekAAAA: Sending packet PING data None
2023-09-14 17:04:32,365 - FmlrPRHG6jAuZQekAAAA: Received packet PONG data 
2023-09-14 17:04:57,367 - FmlrPRHG6jAuZQekAAAA: Sending packet PING data None
2023-09-14 17:04:57,368 - FmlrPRHG6jAuZQekAAAA: Received packet PONG data 
2023-09-14 17:05:22,370 - FmlrPRHG6jAuZQekAAAA: Sending packet PING data None
2023-09-14 17:05:22,374 - FmlrPRHG6jAuZQekAAAA: Received packet PONG data 
2023-09-14 17:05:47,376 - FmlrPRHG6jAuZQekAAAA: Sending packet PING data None
2023-09-14 17:05:47,380 - FmlrPRHG6jAuZQekAAAA: Received packet PONG data 
2023-09-14 17:06:12,381 - FmlrPRHG6jAuZQekAAAA: Sending packet PING data None
2023-09-14 17:06:12,385 - FmlrPRHG6jAuZQekAAAA: Received packet PONG data 
2023-09-14 17:06:37,386 - FmlrPRHG6jAuZQekAAAA: Sending packet PING data None
2023-09-14 17:06:37,389 - FmlrPRHG6jAuZQekAAAA: Received packet PONG data 
2023-09-14 17:07:02,391 - FmlrPRHG6jAuZQekAAAA: Sending packet PING data None
2023-09-14 17:07:02,393 - FmlrPRHG6jAuZQekAAAA: Received packet PONG data 
2023-09-14 17:07:27,394 - FmlrPRHG6jAuZQekAAAA: Sending packet PING data None
2023-09-14 17:07:27,395 - FmlrPRHG6jAuZQekAAAA: Received packet PONG data 
2023-09-14 17:07:52,397 - FmlrPRHG6jAuZQekAAAA: Sending packet PING data None
2023-09-14 17:07:52,399 - FmlrPRHG6jAuZQekAAAA: Received packet PONG data 
2023-09-14 17:08:17,400 - FmlrPRHG6jAuZQekAAAA: Sending packet PING data None
2023-09-14 17:08:17,403 - FmlrPRHG6jAuZQekAAAA: Received packet PONG data 
2023-09-14 17:08:42,405 - FmlrPRHG6jAuZQekAAAA: Sending packet PING data None
2023-09-14 17:08:42,408 - FmlrPRHG6jAuZQekAAAA: Received packet PONG data 
2023-09-14 17:09:07,410 - FmlrPRHG6jAuZQekAAAA: Sending packet PING data None
2023-09-14 17:09:07,413 - FmlrPRHG6jAuZQekAAAA: Received packet PONG data 
